  MyGame.cpp
C:\Users\jw2007\Downloads\xcube\xcube2d-master\src\engine\GameMath.h(42,15): warning C4244: '+=': conversion from 'const float' to 'int', possible loss of data
C:\Users\jw2007\Downloads\xcube\xcube2d-master\src\engine\GameMath.h(43,15): warning C4244: '+=': conversion from 'const float' to 'int', possible loss of data
C:\Users\jw2007\Downloads\xcube\xcube2d-master\src\engine\GameMath.h(48,15): warning C4244: '-=': conversion from 'const float' to 'int', possible loss of data
C:\Users\jw2007\Downloads\xcube\xcube2d-master\src\engine\GameMath.h(49,15): warning C4244: '-=': conversion from 'const float' to 'int', possible loss of data
C:\Users\jw2007\Downloads\xcube\xcube2d-master\src\engine\GameMath.h(96,27): warning C4838: conversion from 'const float' to 'int' requires a narrowing conversion
C:\Users\jw2007\Downloads\xcube\xcube2d-master\src\engine\GameMath.h(96,27): warning C4244: 'initializing': conversion from 'const float' to 'int', possible loss of data
C:\Users\jw2007\Downloads\xcube\xcube2d-master\src\engine\GameMath.h(96,30): warning C4838: conversion from 'const float' to 'int' requires a narrowing conversion
C:\Users\jw2007\Downloads\xcube\xcube2d-master\src\engine\GameMath.h(96,30): warning C4244: 'initializing': conversion from 'const float' to 'int', possible loss of data
C:\Users\jw2007\Downloads\xcube\xcube2d-master\src\engine\GameMath.h(96,33): warning C4838: conversion from 'const float' to 'int' requires a narrowing conversion
C:\Users\jw2007\Downloads\xcube\xcube2d-master\src\engine\GameMath.h(96,33): warning C4244: 'initializing': conversion from 'const float' to 'int', possible loss of data
C:\Users\jw2007\Downloads\xcube\xcube2d-master\src\engine\GameMath.h(96,36): warning C4838: conversion from 'const float' to 'int' requires a narrowing conversion
C:\Users\jw2007\Downloads\xcube\xcube2d-master\src\engine\GameMath.h(96,36): warning C4244: 'initializing': conversion from 'const float' to 'int', possible loss of data
C:\Users\jw2007\Downloads\xcube\xcube2d-master\src\engine\GameMath.h(114,27): warning C4838: conversion from 'float' to 'int' requires a narrowing conversion
C:\Users\jw2007\Downloads\xcube\xcube2d-master\src\engine\GameMath.h(114,27): warning C4244: 'initializing': conversion from 'float' to 'int', possible loss of data
C:\Users\jw2007\Downloads\xcube\xcube2d-master\src\engine\GameMath.h(114,30): warning C4838: conversion from 'float' to 'int' requires a narrowing conversion
C:\Users\jw2007\Downloads\xcube\xcube2d-master\src\engine\GameMath.h(114,30): warning C4244: 'initializing': conversion from 'float' to 'int', possible loss of data
C:\Users\jw2007\Downloads\xcube\xcube2d-master\src\engine\GameMath.h(114,33): warning C4838: conversion from 'float' to 'int' requires a narrowing conversion
C:\Users\jw2007\Downloads\xcube\xcube2d-master\src\engine\GameMath.h(114,33): warning C4244: 'initializing': conversion from 'float' to 'int', possible loss of data
C:\Users\jw2007\Downloads\xcube\xcube2d-master\src\engine\GameMath.h(114,36): warning C4838: conversion from 'float' to 'int' requires a narrowing conversion
C:\Users\jw2007\Downloads\xcube\xcube2d-master\src\engine\GameMath.h(114,36): warning C4244: 'initializing': conversion from 'float' to 'int', possible loss of data
C:\Users\jw2007\Downloads\xcube\xcube2d-master\src\demo\MyGame.cpp(73,30): warning C4267: 'argument': conversion from 'size_t' to 'const int', possible loss of data
  MyGame.vcxproj -> C:\Users\jw2007\Downloads\xcube\xcube2d-master\build\Debug\MyGame.exe
